0.003, 2686695
0.006, 2515976
0.009, 2247466
0.011, 2109511
0.014, 1976720
0.017, 1852851
0.021, 1752167
0.024, 1660130
0.026, 1567107
0.029, 1487568
0.032, 1414344
0.035, 1368905
0.037, 1326919
0.04, 1273418
0.043, 1235884
0.046, 1198477
0.049, 1164388
0.052, 1133538
0.054, 1085990
0.057, 1056817
0.06, 1033080
0.063, 1014104
0.066, 995507
0.069, 987468
0.072, 978091
0.075, 971896
0.078, 969993
0.081, 968528
0.084, 966044
0.086, 964623
0.089, 964318
0.093, 960388
