0.009, 7613881
0.017, 7227950
0.025, 6861104
0.033, 6511667
0.042, 6169771
0.05, 5845544
0.058, 5548112
0.066, 5290736
0.074, 5048407
0.083, 4821024
0.091, 4620212
0.099, 4417904
0.108, 4246222
0.116, 4076302
0.125, 3908293
0.133, 3742956
0.141, 3582630
0.149, 3440271
0.158, 3313465
0.166, 3188535
0.174, 3067493
0.182, 2957407
0.191, 2859597
0.199, 2765516
0.207, 2675453
0.216, 2590863
0.224, 2510873
0.232, 2435986
0.241, 2363719
0.249, 2305733
0.258, 2249294
0.266, 2193507
0.274, 2143645
0.282, 2082575
0.291, 2040102
0.299, 1999246
0.307, 1958882
0.315, 1926778
0.323, 1896818
0.332, 1872028
0.34, 1850814
0.348, 1831440
0.357, 1813609
0.365, 1797528
0.374, 1781454
0.382, 1766489
0.39, 1752516
0.398, 1738819
0.407, 1725758
0.415, 1716216
0.423, 1700637
0.432, 1691341
0.44, 1683562
0.448, 1675829
0.456, 1663822
0.465, 1656702
0.473, 1653531
0.482, 1650479
0.49, 1648330
0.499, 1646344
0.507, 1645289
0.515, 1638820
0.523, 1632863
0.532, 1622846
0.54, 1618397
0.548, 1617534
